INFO 2025-11-12 14:30:45 autoreload 23764 23520 Watching for file changes with StatReloader
INFO 2025-11-12 14:30:52 autoreload 23764 23520 C:\Users\aldri\-CAPSTONE-FMSWGIS\silay_drrmo\settings.py changed, reloading.
INFO 2025-11-12 14:30:53 autoreload 20728 15064 Watching for file changes with StatReloader
INFO 2025-11-12 14:54:16 autoreload 18628 27316 Watching for file changes with StatReloader
INFO 2025-11-12 14:54:21 basehttp 18628 24196 "GET / HTTP/1.1" 302 0
ERROR 2025-11-12 14:54:21 log 18628 24196 Internal Server Error: /home/
Traceback (most recent call last):
  File "C:\Users\aldri\-CAPSTONE-FMSWGIS\venv\Lib\site-packages\django\core\handlers\exception.py", line 55, in inner
    response = get_response(request)
               ^^^^^^^^^^^^^^^^^^^^^
  File "C:\Users\aldri\-CAPSTONE-FMSWGIS\venv\Lib\site-packages\django\core\handlers\base.py", line 197, in _get_response
    response = wrapped_callback(request, *callback_args, **callback_kwargs)
               ^^^^^^^^^^^^^^^^^^^^^^^^^^^^^^^^^^^^^^^^^^^^^^^^^^^^^^^^^^^^
  File "C:\Users\aldri\-CAPSTONE-FMSWGIS\venv\Lib\site-packages\django\contrib\auth\decorators.py", line 59, in _view_wrapper
    return view_func(request, *args, **kwargs)
           ^^^^^^^^^^^^^^^^^^^^^^^^^^^^^^^^^^^
  File "C:\Users\aldri\-CAPSTONE-FMSWGIS\users\views.py", line 145, in home
    from monitoring.views import get_flood_risk_level, get_tide_risk_level, get_combined_risk_level
ImportError: cannot import name 'get_flood_risk_level' from 'monitoring.views' (C:\Users\aldri\-CAPSTONE-FMSWGIS\monitoring\views.py)
ERROR 2025-11-12 14:54:21 basehttp 18628 24196 "GET /home/ HTTP/1.1" 500 83674
INFO 2025-11-12 14:56:23 autoreload 18628 27316 C:\Users\aldri\-CAPSTONE-FMSWGIS\users\views.py changed, reloading.
INFO 2025-11-12 14:56:23 autoreload 15216 1360 Watching for file changes with StatReloader
INFO 2025-11-12 14:56:26 basehttp 15216 7820 "GET / HTTP/1.1" 302 0
ERROR 2025-11-12 14:56:26 log 15216 7820 Internal Server Error: /home/
Traceback (most recent call last):
  File "C:\Users\aldri\-CAPSTONE-FMSWGIS\venv\Lib\site-packages\django\core\handlers\exception.py", line 55, in inner
    response = get_response(request)
               ^^^^^^^^^^^^^^^^^^^^^
  File "C:\Users\aldri\-CAPSTONE-FMSWGIS\venv\Lib\site-packages\django\core\handlers\base.py", line 197, in _get_response
    response = wrapped_callback(request, *callback_args, **callback_kwargs)
               ^^^^^^^^^^^^^^^^^^^^^^^^^^^^^^^^^^^^^^^^^^^^^^^^^^^^^^^^^^^^
  File "C:\Users\aldri\-CAPSTONE-FMSWGIS\venv\Lib\site-packages\django\contrib\auth\decorators.py", line 59, in _view_wrapper
    return view_func(request, *args, **kwargs)
           ^^^^^^^^^^^^^^^^^^^^^^^^^^^^^^^^^^^
  File "C:\Users\aldri\-CAPSTONE-FMSWGIS\users\views.py", line 153, in home
    rain_risk_level, rain_risk_color = get_flood_risk_level(rainfall_data.value_mm)
                                       ^^^^^^^^^^^^^^^^^^^^
NameError: name 'get_flood_risk_level' is not defined. Did you mean: 'get_combined_risk_level'?
ERROR 2025-11-12 14:56:26 basehttp 15216 7820 "GET /home/ HTTP/1.1" 500 84901
ERROR 2025-11-12 14:56:30 log 15216 7820 Internal Server Error: /home/
Traceback (most recent call last):
  File "C:\Users\aldri\-CAPSTONE-FMSWGIS\venv\Lib\site-packages\django\core\handlers\exception.py", line 55, in inner
    response = get_response(request)
               ^^^^^^^^^^^^^^^^^^^^^
  File "C:\Users\aldri\-CAPSTONE-FMSWGIS\venv\Lib\site-packages\django\core\handlers\base.py", line 197, in _get_response
    response = wrapped_callback(request, *callback_args, **callback_kwargs)
               ^^^^^^^^^^^^^^^^^^^^^^^^^^^^^^^^^^^^^^^^^^^^^^^^^^^^^^^^^^^^
  File "C:\Users\aldri\-CAPSTONE-FMSWGIS\venv\Lib\site-packages\django\contrib\auth\decorators.py", line 59, in _view_wrapper
    return view_func(request, *args, **kwargs)
           ^^^^^^^^^^^^^^^^^^^^^^^^^^^^^^^^^^^
  File "C:\Users\aldri\-CAPSTONE-FMSWGIS\users\views.py", line 153, in home
    rain_risk_level, rain_risk_color = get_flood_risk_level(rainfall_data.value_mm)
                                       ^^^^^^^^^^^^^^^^^^^^
NameError: name 'get_flood_risk_level' is not defined. Did you mean: 'get_combined_risk_level'?
ERROR 2025-11-12 14:56:30 basehttp 15216 7820 "GET /home/ HTTP/1.1" 500 85038
INFO 2025-11-12 14:56:37 autoreload 15216 1360 C:\Users\aldri\-CAPSTONE-FMSWGIS\users\views.py changed, reloading.
INFO 2025-11-12 14:56:38 autoreload 27400 12732 Watching for file changes with StatReloader
INFO 2025-11-12 14:57:20 autoreload 27400 12732 C:\Users\aldri\-CAPSTONE-FMSWGIS\monitoring\models.py changed, reloading.
INFO 2025-11-12 14:57:21 autoreload 22124 16108 Watching for file changes with StatReloader
INFO 2025-11-12 14:57:33 autoreload 22124 16108 C:\Users\aldri\-CAPSTONE-FMSWGIS\monitoring\views.py changed, reloading.
INFO 2025-11-12 14:57:33 autoreload 13700 22316 Watching for file changes with StatReloader
INFO 2025-11-12 14:57:36 basehttp 13700 22892 "GET / HTTP/1.1" 302 0
ERROR 2025-11-12 14:57:36 log 13700 22892 Internal Server Error: /home/
Traceback (most recent call last):
  File "C:\Users\aldri\-CAPSTONE-FMSWGIS\venv\Lib\site-packages\django\core\handlers\exception.py", line 55, in inner
    response = get_response(request)
               ^^^^^^^^^^^^^^^^^^^^^
  File "C:\Users\aldri\-CAPSTONE-FMSWGIS\venv\Lib\site-packages\django\core\handlers\base.py", line 197, in _get_response
    response = wrapped_callback(request, *callback_args, **callback_kwargs)
               ^^^^^^^^^^^^^^^^^^^^^^^^^^^^^^^^^^^^^^^^^^^^^^^^^^^^^^^^^^^^
  File "C:\Users\aldri\-CAPSTONE-FMSWGIS\venv\Lib\site-packages\django\contrib\auth\decorators.py", line 59, in _view_wrapper
    return view_func(request, *args, **kwargs)
           ^^^^^^^^^^^^^^^^^^^^^^^^^^^^^^^^^^^
  File "C:\Users\aldri\-CAPSTONE-FMSWGIS\users\views.py", line 153, in home
    rain_risk_level, rain_risk_color = get_flood_risk_level(rainfall_data.value_mm)
                                       ^^^^^^^^^^^^^^^^^^^^
NameError: name 'get_flood_risk_level' is not defined
ERROR 2025-11-12 14:57:36 basehttp 13700 22892 "GET /home/ HTTP/1.1" 500 84075
INFO 2025-11-12 14:58:15 autoreload 5372 3712 Watching for file changes with StatReloader
INFO 2025-11-12 14:58:16 basehttp 5372 25016 "GET / HTTP/1.1" 302 0
ERROR 2025-11-12 14:58:16 log 5372 25016 Internal Server Error: /home/
Traceback (most recent call last):
  File "C:\Users\aldri\-CAPSTONE-FMSWGIS\venv\Lib\site-packages\django\core\handlers\exception.py", line 55, in inner
    response = get_response(request)
               ^^^^^^^^^^^^^^^^^^^^^
  File "C:\Users\aldri\-CAPSTONE-FMSWGIS\venv\Lib\site-packages\django\core\handlers\base.py", line 197, in _get_response
    response = wrapped_callback(request, *callback_args, **callback_kwargs)
               ^^^^^^^^^^^^^^^^^^^^^^^^^^^^^^^^^^^^^^^^^^^^^^^^^^^^^^^^^^^^
  File "C:\Users\aldri\-CAPSTONE-FMSWGIS\venv\Lib\site-packages\django\contrib\auth\decorators.py", line 59, in _view_wrapper
    return view_func(request, *args, **kwargs)
           ^^^^^^^^^^^^^^^^^^^^^^^^^^^^^^^^^^^
  File "C:\Users\aldri\-CAPSTONE-FMSWGIS\users\views.py", line 153, in home
    rain_risk_level, rain_risk_color = get_flood_risk_level(rainfall_data.value_mm)
                                       ^^^^^^^^^^^^^^^^^^^^
NameError: name 'get_flood_risk_level' is not defined
ERROR 2025-11-12 14:58:16 basehttp 5372 25016 "GET /home/ HTTP/1.1" 500 84075
INFO 2025-11-12 14:58:47 autoreload 5372 3712 C:\Users\aldri\-CAPSTONE-FMSWGIS\users\views.py changed, reloading.
INFO 2025-11-12 14:58:47 autoreload 6196 12172 Watching for file changes with StatReloader
INFO 2025-11-12 14:59:04 basehttp 21160 12576 "GET / HTTP/1.1" 302 0
INFO 2025-11-12 14:59:04 basehttp 21160 12576 "GET /home/ HTTP/1.1" 200 30238
INFO 2025-11-12 14:59:08 basehttp 21160 12576 "GET /maps/all-activities/ HTTP/1.1" 200 441139
INFO 2025-11-12 14:59:08 basehttp 21160 12576 "GET /static/webfonts/fa-regular-400.woff2 HTTP/1.1" 200 23900
INFO 2025-11-12 14:59:13 basehttp 21160 12576 "GET /home/ HTTP/1.1" 200 30238
INFO 2025-11-12 15:01:30 basehttp 21528 25892 "GET / HTTP/1.1" 302 0
INFO 2025-11-12 15:01:30 basehttp 21528 25892 "GET /home/ HTTP/1.1" 200 30238
INFO 2025-11-12 15:01:34 basehttp 21528 25892 "GET /maps/all-activities/ HTTP/1.1" 200 441139
INFO 2025-11-12 15:01:36 basehttp 21528 25892 "GET /home/ HTTP/1.1" 200 30238
INFO 2025-11-12 15:18:15 autoreload 17108 20460 Watching for file changes with StatReloader
INFO 2025-11-12 15:18:28 autoreload 17108 20460 C:\Users\aldri\-CAPSTONE-FMSWGIS\users\views.py changed, reloading.
INFO 2025-11-12 15:18:29 autoreload 1364 29012 Watching for file changes with StatReloader
INFO 2025-11-12 15:18:30 basehttp 1364 19704 "GET / HTTP/1.1" 302 0
INFO 2025-11-12 15:18:30 basehttp 1364 19704 "GET /home/ HTTP/1.1" 200 30238
INFO 2025-11-12 15:25:10 autoreload 14248 5776 Watching for file changes with StatReloader
INFO 2025-11-12 15:25:11 basehttp 14248 1216 "GET / HTTP/1.1" 302 0
INFO 2025-11-12 15:25:11 basehttp 14248 1216 "GET /home/ HTTP/1.1" 200 30238
INFO 2025-11-12 15:25:15 basehttp 14248 1216 "GET /logout/ HTTP/1.1" 302 0
INFO 2025-11-12 15:25:15 basehttp 14248 1216 "GET / HTTP/1.1" 200 7298
INFO 2025-11-12 15:25:18 basehttp 14248 1216 "POST / HTTP/1.1" 302 0
INFO 2025-11-12 15:25:18 basehttp 14248 1216 "GET /home/ HTTP/1.1" 200 30543
INFO 2025-11-12 15:25:48 basehttp 14248 1216 "GET /maps/all-activities/ HTTP/1.1" 200 444809
INFO 2025-11-12 15:26:20 basehttp 14248 1216 "GET /maps/all-activities/?tab=user-logs&user=&date=&sort=oldest HTTP/1.1" 200 444801
INFO 2025-11-12 15:26:25 basehttp 14248 1216 "GET /home/ HTTP/1.1" 200 30212
INFO 2025-11-12 15:31:37 basehttp 14248 2412 "GET /home/ HTTP/1.1" 200 30214
INFO 2025-11-12 15:31:40 views 14248 2412 Requesting Open-Meteo API for Silay City: https://api.open-meteo.com/v1/forecast
INFO 2025-11-12 15:31:41 views 14248 2412 API returned - Rain: 0.0mm, Temp: 30.5°C, Humidity: 63%, Wind: 5.6km/h
INFO 2025-11-12 15:31:41 views 14248 2412 Processed 7 days of weather forecast
INFO 2025-11-12 15:31:41 basehttp 14248 2412 "GET /monitoring/ HTTP/1.1" 200 74582
INFO 2025-11-12 15:36:41 basehttp 14248 24628 "GET /monitoring/api/data/ HTTP/1.1" 200 54
INFO 2025-11-12 15:36:55 basehttp 14248 24628 "GET /monitoring/api/trends/?time_range=7d HTTP/1.1" 200 554
INFO 2025-11-12 15:41:41 basehttp 14248 24628 "GET /monitoring/api/data/ HTTP/1.1" 200 54
INFO 2025-11-12 15:46:42 basehttp 14248 24628 "GET /monitoring/api/data/ HTTP/1.1" 200 54
INFO 2025-11-12 15:48:08 basehttp 14248 24628 "GET /profile/ HTTP/1.1" 200 25350
INFO 2025-11-12 16:31:59 autoreload 25804 5732 Watching for file changes with StatReloader
INFO 2025-11-12 16:32:00 basehttp 25804 6424 "GET /home/ HTTP/1.1" 200 30235
INFO 2025-11-12 16:32:01 basehttp 25804 6424 "GET / HTTP/1.1" 302 0
INFO 2025-11-12 16:32:01 basehttp 25804 6424 "GET /home/ HTTP/1.1" 200 30235
INFO 2025-11-12 16:32:05 basehttp 25804 6424 "GET /logout/ HTTP/1.1" 302 0
INFO 2025-11-12 16:32:05 basehttp 25804 6424 "GET / HTTP/1.1" 200 7298
INFO 2025-11-12 16:32:14 basehttp 25804 6424 "POST / HTTP/1.1" 302 0
INFO 2025-11-12 16:32:14 basehttp 25804 6424 "GET /home/ HTTP/1.1" 200 26908
INFO 2025-11-12 16:32:21 basehttp 25804 6424 "GET /maps/ HTTP/1.1" 200 1023583
INFO 2025-11-12 16:32:22 basehttp 25804 6424 "GET /home/ HTTP/1.1" 200 26575
INFO 2025-11-12 16:39:28 basehttp 25804 2720 "GET /maps/ HTTP/1.1" 200 1023583
INFO 2025-11-12 17:34:29 autoreload 440 24708 Watching for file changes with StatReloader
INFO 2025-11-12 17:34:33 basehttp 440 30464 "GET / HTTP/1.1" 302 0
INFO 2025-11-12 17:34:33 basehttp 440 30464 "GET /home/ HTTP/1.1" 200 26575
WARNING 2025-11-12 17:34:33 log 440 30464 Not Found: /favicon.ico
WARNING 2025-11-12 17:34:33 basehttp 440 30464 "GET /favicon.ico HTTP/1.1" 404 5118
INFO 2025-11-12 17:34:34 basehttp 440 30464 "GET /home/ HTTP/1.1" 200 26575
INFO 2025-11-12 17:34:36 basehttp 440 30464 "GET /home/ HTTP/1.1" 200 26575
INFO 2025-11-12 17:34:37 basehttp 440 30464 "GET /home/ HTTP/1.1" 200 26575
INFO 2025-11-12 17:34:41 basehttp 440 30464 "GET /maps/ HTTP/1.1" 200 1023583
WARNING 2025-11-12 17:34:49 log 440 30464 Forbidden (CSRF token from POST has incorrect length.): /maps/save-assessment/
WARNING 2025-11-12 17:34:49 basehttp 440 30464 "POST /maps/save-assessment/ HTTP/1.1" 403 2514
INFO 2025-11-12 17:34:54 basehttp 440 30464 "GET /maps/report/?barangay=Eustaquio%20Lopez&lat=10.797854&lon=123.008016&risk=LF HTTP/1.1" 200 10126
INFO 2025-11-12 17:45:10 basehttp 440 15524 "GET /maps/report/?barangay=Eustaquio%20Lopez&lat=10.797854&lon=123.008016&risk=LF HTTP/1.1" 200 10203
INFO 2025-11-12 17:45:10 basehttp 440 15524 "GET /static/images/drrmo_header.png HTTP/1.1" 200 161208
INFO 2025-11-12 17:47:00 basehttp 440 15524 "GET /maps/report/?barangay=Eustaquio%20Lopez&lat=10.797854&lon=123.008016&risk=LF HTTP/1.1" 200 10251
INFO 2025-11-12 17:47:00 basehttp 440 15524 "GET /static/images/drrmo_header.png HTTP/1.1" 304 0
INFO 2025-11-12 17:48:56 basehttp 440 15524 "GET /maps/report/?barangay=Eustaquio%20Lopez&lat=10.797854&lon=123.008016&risk=LF HTTP/1.1" 200 10274
INFO 2025-11-12 17:48:56 basehttp 440 15524 "GET /static/images/drrmo_header.png HTTP/1.1" 304 0
INFO 2025-11-12 17:49:44 basehttp 440 15524 "GET /maps/report/?barangay=Eustaquio%20Lopez&lat=10.797854&lon=123.008016&risk=LF HTTP/1.1" 200 10290
INFO 2025-11-12 17:49:44 basehttp 440 15524 "GET /static/images/drrmo_header.png HTTP/1.1" 304 0
INFO 2025-11-12 17:50:25 basehttp 440 15524 "GET /maps/report/?barangay=Eustaquio%20Lopez&lat=10.797854&lon=123.008016&risk=LF HTTP/1.1" 200 10285
INFO 2025-11-12 17:50:25 basehttp 440 15524 "GET /static/images/drrmo_header.png HTTP/1.1" 304 0
INFO 2025-11-12 17:50:58 basehttp 440 15524 "GET /maps/report/?barangay=Eustaquio%20Lopez&lat=10.797854&lon=123.008016&risk=LF HTTP/1.1" 200 10285
INFO 2025-11-12 17:51:15 basehttp 440 15524 "GET /maps/report/?barangay=Eustaquio%20Lopez&lat=10.797854&lon=123.008016&risk=LF HTTP/1.1" 200 10285
INFO 2025-11-12 17:51:15 basehttp 440 15524 "GET /static/images/drrmo_header.png HTTP/1.1" 304 0
INFO 2025-11-12 17:53:51 basehttp 440 15524 "GET /maps/report/?barangay=Eustaquio%20Lopez&lat=10.797854&lon=123.008016&risk=LF HTTP/1.1" 200 10394
INFO 2025-11-12 17:53:51 basehttp 440 15524 "GET /static/images/drrmo_header.png HTTP/1.1" 304 0
INFO 2025-11-12 17:54:26 basehttp 440 15524 "GET /maps/report/?barangay=Eustaquio%20Lopez&lat=10.797854&lon=123.008016&risk=LF HTTP/1.1" 200 10611
INFO 2025-11-12 17:55:48 basehttp 440 15524 "GET /maps/report/?barangay=Eustaquio%20Lopez&lat=10.797854&lon=123.008016&risk=LF HTTP/1.1" 200 10609
INFO 2025-11-12 17:55:48 basehttp 440 15524 "GET /static/images/drrmo_header.png HTTP/1.1" 304 0
WARNING 2025-11-12 17:56:36 log 440 15524 Forbidden (CSRF token from POST has incorrect length.): /maps/save-assessment/
WARNING 2025-11-12 17:56:36 basehttp 440 15524 "POST /maps/save-assessment/ HTTP/1.1" 403 2514
INFO 2025-11-12 17:56:39 basehttp 440 15524 "GET /maps/report/?barangay=Barangay%20I%20(Pob.)&lat=10.802309&lon=122.977075&risk=VHF HTTP/1.1" 200 10973
INFO 2025-11-12 17:57:07 basehttp 440 15524 "GET /maps/certificate/form/?barangay=Barangay%20I%20(Pob.)&lat=10.802309&lon=122.977075&risk=VHF HTTP/1.1" 200 17061
INFO 2025-11-12 17:57:15 basehttp 440 15524 "POST /maps/certificate/ HTTP/1.1" 200 9382
INFO 2025-11-12 17:57:27 basehttp 440 15524 "POST /maps/certificate/ HTTP/1.1" 200 9090
INFO 2025-11-12 17:57:27 basehttp 440 15524 "GET /static/images/drrmo_header.png HTTP/1.1" 304 0
INFO 2025-11-12 17:57:58 basehttp 440 15524 "POST /maps/certificate/ HTTP/1.1" 200 8850
INFO 2025-11-12 17:59:08 basehttp 440 15524 "POST /maps/certificate/ HTTP/1.1" 200 9184
INFO 2025-11-12 17:59:08 basehttp 440 15524 "GET /static/images/drrmo_header.png HTTP/1.1" 304 0
INFO 2025-11-12 18:00:32 basehttp 440 15524 "POST /maps/certificate/ HTTP/1.1" 200 9186
INFO 2025-11-12 18:01:24 basehttp 440 15524 "POST /maps/certificate/ HTTP/1.1" 200 9185
INFO 2025-11-12 18:01:24 basehttp 440 15524 "GET /static/images/drrmo_header.png HTTP/1.1" 304 0
INFO 2025-11-12 18:02:25 basehttp 440 15524 "POST /maps/certificate/ HTTP/1.1" 200 9186
INFO 2025-11-12 18:02:59 basehttp 440 15524 "POST /maps/certificate/ HTTP/1.1" 200 9189
INFO 2025-11-12 18:03:59 basehttp 440 15524 "POST /maps/certificate/ HTTP/1.1" 200 9252
INFO 2025-11-12 18:03:59 basehttp 440 15524 "GET /static/images/drrmo_header.png HTTP/1.1" 304 0
INFO 2025-11-12 18:04:24 basehttp 440 15524 "POST /maps/certificate/ HTTP/1.1" 200 9252
INFO 2025-11-12 18:04:52 basehttp 440 15524 "POST /maps/certificate/ HTTP/1.1" 200 9252
INFO 2025-11-12 18:07:29 basehttp 440 15524 "POST /maps/certificate/ HTTP/1.1" 200 9572
INFO 2025-11-12 18:07:29 basehttp 440 15524 "GET /static/images/drrmo_header.png HTTP/1.1" 304 0
INFO 2025-11-12 18:08:12 basehttp 440 15524 "POST /maps/certificate/ HTTP/1.1" 200 9572
INFO 2025-11-12 18:10:24 basehttp 440 15524 "POST /maps/certificate/ HTTP/1.1" 200 10490
INFO 2025-11-12 18:10:24 basehttp 440 15524 "GET /static/images/drrmo_header.png HTTP/1.1" 304 0
INFO 2025-11-12 18:10:33 basehttp 440 15524 "GET /home/ HTTP/1.1" 200 26575
INFO 2025-11-12 21:27:48 autoreload 17308 20380 Watching for file changes with StatReloader
INFO 2025-11-12 21:27:51 basehttp 17308 13740 "GET / HTTP/1.1" 302 0
INFO 2025-11-12 21:27:51 basehttp 17308 13740 "GET /home/ HTTP/1.1" 200 26575
INFO 2025-11-12 21:27:51 basehttp 17308 13740 "GET /static/images/drrmo_logo.png HTTP/1.1" 304 0
WARNING 2025-11-12 21:27:51 log 17308 13740 Not Found: /favicon.ico
WARNING 2025-11-12 21:27:51 basehttp 17308 13740 "GET /favicon.ico HTTP/1.1" 404 5118
INFO 2025-11-12 21:34:32 basehttp 17308 14516 "GET /home/ HTTP/1.1" 200 26575
INFO 2025-11-12 21:35:28 basehttp 17308 14516 "GET /home/ HTTP/1.1" 200 26295
INFO 2025-11-12 21:36:23 basehttp 17308 12580 "GET /home/ HTTP/1.1" 200 26262
INFO 2025-11-12 21:36:36 basehttp 17308 12580 "GET /profile/ HTTP/1.1" 200 25355
INFO 2025-11-12 21:36:36 basehttp 17308 12580 "GET /profile_images/istockphoto-2194474157-612x612.webp HTTP/1.1" 200 10530
INFO 2025-11-12 21:36:41 basehttp 17308 12580 "GET /home/ HTTP/1.1" 200 26262
INFO 2025-11-12 21:36:43 views 17308 12580 Requesting Open-Meteo API for Silay City: https://api.open-meteo.com/v1/forecast
INFO 2025-11-12 21:36:44 views 17308 12580 API returned - Rain: 0.0mm, Temp: 25.9°C, Humidity: 93%, Wind: 4.0km/h
INFO 2025-11-12 21:36:44 views 17308 12580 Processed 7 days of weather forecast
INFO 2025-11-12 21:36:44 views 17308 12580 Created new rainfall record: 0.0mm
INFO 2025-11-12 21:36:44 views 17308 12580 Created new weather record
INFO 2025-11-12 21:36:44 views 17308 12580 Requesting WorldTides API for Cebu City: https://www.worldtides.info/api/v3
INFO 2025-11-12 21:36:46 views 17308 12580 Created new tide record: 0.037m from WorldTides API
INFO 2025-11-12 21:36:46 basehttp 17308 12580 "GET /monitoring/ HTTP/1.1" 200 73022
INFO 2025-11-12 21:37:10 basehttp 17308 12580 "GET /logout/ HTTP/1.1" 302 0
INFO 2025-11-12 21:37:10 basehttp 17308 12580 "GET / HTTP/1.1" 200 7298
INFO 2025-11-12 21:37:28 basehttp 17308 12580 "POST / HTTP/1.1" 302 0
INFO 2025-11-12 21:37:28 basehttp 17308 12580 "GET /home/ HTTP/1.1" 200 26595
INFO 2025-11-12 21:51:33 autoreload 29144 14468 Watching for file changes with StatReloader
INFO 2025-11-12 21:51:46 basehttp 29144 28532 "GET / HTTP/1.1" 302 0
INFO 2025-11-12 21:51:46 basehttp 29144 28532 "GET /home/ HTTP/1.1" 200 26262
INFO 2025-11-13 17:45:19 autoreload 25960 13916 Watching for file changes with StatReloader
INFO 2025-11-13 17:45:22 basehttp 25960 12600 "GET / HTTP/1.1" 302 0
INFO 2025-11-13 17:45:22 basehttp 25960 12600 "GET /home/ HTTP/1.1" 200 26262
INFO 2025-11-13 17:45:22 basehttp 25960 30692 "GET /static/css/font-awesome.min.css HTTP/1.1" 304 0
INFO 2025-11-13 17:45:22 basehttp 25960 12600 "GET /static/css/bootstrap.min.css HTTP/1.1" 304 0
INFO 2025-11-13 17:45:22 basehttp 25960 16268 "GET /static/js/bootstrap.bundle.min.js HTTP/1.1" 304 0
INFO 2025-11-13 17:45:22 basehttp 25960 23788 "GET /static/images/drrmo_logo.png HTTP/1.1" 304 0
INFO 2025-11-13 17:45:22 basehttp 25960 23788 "GET /static/webfonts/fa-solid-900.woff2 HTTP/1.1" 304 0
INFO 2025-11-13 17:45:22 basehttp 25960 16268 "GET /static/webfonts/fa-brands-400.woff2 HTTP/1.1" 304 0
INFO 2025-11-13 17:45:25 basehttp 25960 16268 "GET /profile/ HTTP/1.1" 200 25355
INFO 2025-11-13 17:45:25 basehttp 25960 16268 "GET /profile_images/istockphoto-2194474157-612x612.webp HTTP/1.1" 200 10530
INFO 2025-11-13 17:45:26 basehttp 25960 16268 "GET /home/ HTTP/1.1" 200 26262
INFO 2025-11-13 17:45:43 basehttp 25960 16268 "GET /maps/ HTTP/1.1" 200 1023270
INFO 2025-11-13 17:45:43 basehttp 25960 16268 "GET /static/js/ol.js HTTP/1.1" 304 0
WARNING 2025-11-13 17:45:47 log 25960 16268 Forbidden (CSRF token from POST has incorrect length.): /maps/save-assessment/
WARNING 2025-11-13 17:45:47 basehttp 25960 16268 "POST /maps/save-assessment/ HTTP/1.1" 403 2514
INFO 2025-11-13 17:45:51 basehttp 25960 16268 "GET /maps/report/?barangay=Rizal&lat=10.809988&lon=122.977265&risk=MF HTTP/1.1" 200 10725
INFO 2025-11-13 17:45:51 basehttp 25960 16268 "GET /static/images/drrmo_header.png HTTP/1.1" 304 0
INFO 2025-11-13 17:46:03 basehttp 25960 16268 "GET /maps/certificate/form/?barangay=Rizal&lat=10.809988&lon=122.977265&risk=MF HTTP/1.1" 200 17025
INFO 2025-11-13 17:46:06 basehttp 25960 16268 "GET /home/ HTTP/1.1" 200 26262
INFO 2025-11-13 17:46:08 basehttp 25960 16268 "GET /home/ HTTP/1.1" 200 26262
INFO 2025-11-13 17:46:08 basehttp 25960 16268 "GET /home/ HTTP/1.1" 200 26262
INFO 2025-11-13 17:46:09 views 25960 16268 Requesting Open-Meteo API for Silay City: https://api.open-meteo.com/v1/forecast
INFO 2025-11-13 17:46:10 views 25960 16268 API returned - Rain: 0.0mm, Temp: 27.5°C, Humidity: 89%, Wind: 8.0km/h
INFO 2025-11-13 17:46:10 views 25960 16268 Processed 7 days of weather forecast
INFO 2025-11-13 17:46:10 views 25960 16268 Created new rainfall record: 0.0mm
INFO 2025-11-13 17:46:10 views 25960 16268 Created new weather record
INFO 2025-11-13 17:46:10 views 25960 16268 Requesting WorldTides API for Cebu City: https://www.worldtides.info/api/v3
INFO 2025-11-13 17:46:12 views 25960 16268 Created new tide record: -0.026m from WorldTides API
INFO 2025-11-13 17:46:12 basehttp 25960 16268 "GET /monitoring/ HTTP/1.1" 200 74031
INFO 2025-11-13 17:46:12 basehttp 25960 16268 "GET /static/js/chart.js HTTP/1.1" 304 0
INFO 2025-11-13 17:46:46 basehttp 25960 16268 "GET /monitoring/api/trends/?time_range=7d HTTP/1.1" 200 659
INFO 2025-11-13 17:46:49 basehttp 25960 16268 "GET /monitoring/api/trends/?time_range=24h HTTP/1.1" 200 242
INFO 2025-11-13 17:46:54 basehttp 25960 16268 "GET /monitoring/flood-record/ HTTP/1.1" 200 29979
INFO 2025-11-13 17:47:10 views 25960 16268 Flood record created: 15 - Flash Flood
INFO 2025-11-13 17:47:10 basehttp 25960 16268 "POST /monitoring/flood-record/ HTTP/1.1" 200 154
INFO 2025-11-13 17:47:12 views 25960 16268 Requesting Open-Meteo API for Silay City: https://api.open-meteo.com/v1/forecast
INFO 2025-11-13 17:47:13 views 25960 16268 API returned - Rain: 0.0mm, Temp: 27.5°C, Humidity: 89%, Wind: 8.0km/h
INFO 2025-11-13 17:47:13 views 25960 16268 Processed 7 days of weather forecast
INFO 2025-11-13 17:47:13 basehttp 25960 16268 "GET /monitoring/ HTTP/1.1" 200 75227
INFO 2025-11-13 17:47:27 basehttp 25960 16268 "GET /monitoring/flood-record/delete/15/ HTTP/1.1" 200 8532
INFO 2025-11-13 17:47:29 views 25960 16268 Flood record deleted: 15 - Flash Flood
INFO 2025-11-13 17:47:29 basehttp 25960 16268 "POST /monitoring/flood-record/delete/15/ HTTP/1.1" 302 0
INFO 2025-11-13 17:47:29 views 25960 16268 Requesting Open-Meteo API for Silay City: https://api.open-meteo.com/v1/forecast
INFO 2025-11-13 17:47:30 views 25960 16268 API returned - Rain: 0.0mm, Temp: 27.5°C, Humidity: 89%, Wind: 8.0km/h
INFO 2025-11-13 17:47:30 views 25960 16268 Processed 7 days of weather forecast
INFO 2025-11-13 17:47:30 basehttp 25960 16268 "GET /monitoring/ HTTP/1.1" 200 74421
INFO 2025-11-13 17:47:43 basehttp 25960 16268 "GET /home/ HTTP/1.1" 200 26262
INFO 2025-11-13 17:47:44 basehttp 25960 16268 "GET /maps/my-activity/ HTTP/1.1" 200 262918
INFO 2025-11-13 17:47:44 basehttp 25960 16268 "GET /static/webfonts/fa-regular-400.woff2 HTTP/1.1" 200 23900
INFO 2025-11-13 17:55:52 autoreload 25960 13916 C:\Users\aldri\-CAPSTONE-FMSWGIS\silay_drrmo\settings.py changed, reloading.
INFO 2025-11-13 17:55:54 autoreload 6568 27440 Watching for file changes with StatReloader
INFO 2025-11-13 17:57:40 autoreload 28440 18748 Watching for file changes with StatReloader
INFO 2025-11-13 17:57:43 basehttp 28440 11624 "GET / HTTP/1.1" 302 0
INFO 2025-11-13 17:57:43 basehttp 28440 11624 "GET /home/ HTTP/1.1" 200 26258
INFO 2025-11-13 17:57:51 basehttp 28440 11624 "GET /maps/my-activity/ HTTP/1.1" 200 262914
INFO 2025-11-13 17:57:54 basehttp 28440 11624 "GET /home/ HTTP/1.1" 200 26258
INFO 2025-11-13 17:57:56 basehttp 28440 11624 "GET /maps/ HTTP/1.1" 200 1023266
INFO 2025-11-13 17:57:56 basehttp 28440 11624 "GET /static/css/ol.css HTTP/1.1" 200 6284
WARNING 2025-11-13 17:58:01 log 28440 11624 Forbidden (CSRF token from POST has incorrect length.): /maps/save-assessment/
WARNING 2025-11-13 17:58:01 basehttp 28440 11624 "POST /maps/save-assessment/ HTTP/1.1" 403 2514
INFO 2025-11-13 17:58:05 basehttp 28440 11624 "GET /home/ HTTP/1.1" 200 26258
INFO 2025-11-13 17:58:07 basehttp 28440 11624 "GET /maps/my-activity/ HTTP/1.1" 200 262914
INFO 2025-11-13 17:58:15 basehttp 28440 11624 "GET /home/ HTTP/1.1" 200 26258
INFO 2025-11-13 17:58:17 basehttp 28440 11624 "GET /maps/ HTTP/1.1" 200 1023266
WARNING 2025-11-13 17:58:21 log 28440 11624 Forbidden (CSRF token from POST has incorrect length.): /maps/save-assessment/
WARNING 2025-11-13 17:58:21 basehttp 28440 11624 "POST /maps/save-assessment/ HTTP/1.1" 403 2514
INFO 2025-11-13 17:58:26 basehttp 28440 11624 "GET /home/ HTTP/1.1" 200 26258
INFO 2025-11-13 17:58:28 basehttp 28440 11624 "GET /maps/my-activity/ HTTP/1.1" 200 262914
INFO 2025-11-13 18:00:25 basehttp 28440 11624 "GET /logout/ HTTP/1.1" 302 0
INFO 2025-11-13 18:00:25 basehttp 28440 11624 "GET / HTTP/1.1" 200 7298
INFO 2025-11-13 18:00:31 basehttp 28440 11624 "POST / HTTP/1.1" 302 0
INFO 2025-11-13 18:00:31 basehttp 28440 11624 "GET /home/ HTTP/1.1" 200 26591
INFO 2025-11-13 18:00:33 basehttp 28440 11624 "GET /maps/my-activity/ HTTP/1.1" 200 265054
INFO 2025-11-13 18:00:36 basehttp 28440 11624 "GET /home/ HTTP/1.1" 200 26258
INFO 2025-11-13 18:00:38 basehttp 28440 11624 "GET /logout/ HTTP/1.1" 302 0
INFO 2025-11-13 18:00:38 basehttp 28440 11624 "GET / HTTP/1.1" 200 7298
INFO 2025-11-13 18:00:42 basehttp 28440 11624 "POST / HTTP/1.1" 200 7379
INFO 2025-11-13 18:00:48 basehttp 28440 11624 "POST / HTTP/1.1" 302 0
INFO 2025-11-13 18:00:48 basehttp 28440 11624 "GET /home/ HTTP/1.1" 200 30509
INFO 2025-11-13 18:00:54 basehttp 28440 11624 "GET /maps/my-activity/ HTTP/1.1" 200 84587
INFO 2025-11-13 18:00:58 basehttp 28440 11624 "GET /home/ HTTP/1.1" 200 29887
INFO 2025-11-13 18:01:00 basehttp 28440 11624 "GET /maps/all-activities/ HTTP/1.1" 200 512032
INFO 2025-11-13 18:03:14 basehttp 28440 11624 "GET /logout/ HTTP/1.1" 302 0
INFO 2025-11-13 18:03:14 basehttp 28440 11624 "GET / HTTP/1.1" 200 7298
INFO 2025-11-13 18:03:21 basehttp 28440 11624 "POST / HTTP/1.1" 302 0
INFO 2025-11-13 18:03:21 basehttp 28440 11624 "GET /home/ HTTP/1.1" 200 26591
INFO 2025-11-13 18:03:26 basehttp 28440 11624 "GET /maps/ HTTP/1.1" 200 1023438
INFO 2025-11-13 18:03:28 basehttp 28440 11624 "GET /maps/ HTTP/1.1" 200 1023438
INFO 2025-11-13 18:03:41 basehttp 28440 11624 "POST /maps/save-assessment/ HTTP/1.1" 200 82
INFO 2025-11-13 18:03:46 basehttp 28440 11624 "GET /home/ HTTP/1.1" 200 26258
INFO 2025-11-13 18:03:48 basehttp 28440 11624 "GET /maps/my-activity/ HTTP/1.1" 200 268545
INFO 2025-11-13 18:04:03 basehttp 28440 11624 "GET /home/ HTTP/1.1" 200 26258
INFO 2025-11-13 18:04:05 basehttp 28440 11624 "GET /maps/ HTTP/1.1" 200 1023438
INFO 2025-11-13 18:04:13 basehttp 28440 11624 "POST /maps/save-assessment/ HTTP/1.1" 200 82
INFO 2025-11-13 18:04:14 basehttp 28440 11624 "GET /maps/report/?barangay=Barangay%20I%20(Pob.)&lat=10.802390&lon=122.976144&risk=VHF HTTP/1.1" 200 10973
INFO 2025-11-13 18:04:24 basehttp 28440 11624 "GET /maps/certificate/form/?barangay=Barangay%20I%20(Pob.)&lat=10.802390&lon=122.976144&risk=VHF HTTP/1.1" 200 17061
INFO 2025-11-13 18:04:30 basehttp 28440 11624 "POST /maps/certificate/ HTTP/1.1" 200 11170
INFO 2025-11-13 18:05:54 basehttp 28440 11624 "POST /maps/certificate/ HTTP/1.1" 200 10549
INFO 2025-11-13 18:07:40 basehttp 28440 11624 "POST /maps/certificate/ HTTP/1.1" 200 10549
INFO 2025-11-13 18:08:10 basehttp 28440 11624 "POST /maps/certificate/ HTTP/1.1" 200 10549
INFO 2025-11-13 18:08:25 basehttp 28440 11624 "GET /home/ HTTP/1.1" 200 26258
INFO 2025-11-13 18:08:26 basehttp 28440 11624 "GET /maps/my-activity/ HTTP/1.1" 200 278599
INFO 2025-11-13 18:08:50 basehttp 28440 11624 "GET /home/ HTTP/1.1" 200 26258
INFO 2025-11-13 18:08:52 views 28440 11624 Requesting Open-Meteo API for Silay City: https://api.open-meteo.com/v1/forecast
INFO 2025-11-13 18:08:53 views 28440 11624 API returned - Rain: 0.0mm, Temp: 27.4°C, Humidity: 90%, Wind: 7.6km/h
INFO 2025-11-13 18:08:53 views 28440 11624 Processed 7 days of weather forecast
INFO 2025-11-13 18:08:53 basehttp 28440 11624 "GET /monitoring/ HTTP/1.1" 200 73020
INFO 2025-11-13 18:08:57 basehttp 28440 11624 "GET /monitoring/flood-record/ HTTP/1.1" 200 29979
INFO 2025-11-13 18:09:12 views 28440 11624 Flood record created: 16 - Flash Flood
INFO 2025-11-13 18:09:12 basehttp 28440 11624 "POST /monitoring/flood-record/ HTTP/1.1" 200 154
INFO 2025-11-13 18:09:14 views 28440 11624 Requesting Open-Meteo API for Silay City: https://api.open-meteo.com/v1/forecast
INFO 2025-11-13 18:09:15 views 28440 11624 API returned - Rain: 0.0mm, Temp: 27.4°C, Humidity: 90%, Wind: 7.6km/h
INFO 2025-11-13 18:09:15 views 28440 11624 Processed 7 days of weather forecast
INFO 2025-11-13 18:09:15 basehttp 28440 11624 "GET /monitoring/ HTTP/1.1" 200 74228
INFO 2025-11-13 18:10:25 basehttp 28440 11624 "GET /monitoring/flood-record/delete/16/ HTTP/1.1" 200 8543
INFO 2025-11-13 18:10:26 views 28440 11624 Flood record deleted: 16 - Flash Flood
INFO 2025-11-13 18:10:26 basehttp 28440 11624 "POST /monitoring/flood-record/delete/16/ HTTP/1.1" 302 0
INFO 2025-11-13 18:10:26 views 28440 11624 Requesting Open-Meteo API for Silay City: https://api.open-meteo.com/v1/forecast
INFO 2025-11-13 18:10:27 views 28440 11624 API returned - Rain: 0.0mm, Temp: 27.4°C, Humidity: 90%, Wind: 7.6km/h
INFO 2025-11-13 18:10:27 views 28440 11624 Processed 7 days of weather forecast
INFO 2025-11-13 18:10:27 basehttp 28440 11624 "GET /monitoring/ HTTP/1.1" 200 73410
INFO 2025-11-13 18:11:26 autoreload 28440 18748 C:\Users\aldri\-CAPSTONE-FMSWGIS\monitoring\views.py changed, reloading.
INFO 2025-11-13 18:11:27 autoreload 6948 16096 Watching for file changes with StatReloader
INFO 2025-11-13 18:12:35 views 6948 30576 Requesting Open-Meteo API for Silay City: https://api.open-meteo.com/v1/forecast
INFO 2025-11-13 18:12:36 views 6948 30576 API returned - Rain: 0.0mm, Temp: 27.4°C, Humidity: 90%, Wind: 7.6km/h
INFO 2025-11-13 18:12:36 views 6948 30576 Processed 7 days of weather forecast
INFO 2025-11-13 18:12:36 basehttp 6948 30576 "GET /monitoring/ HTTP/1.1" 200 73020
INFO 2025-11-13 18:12:40 basehttp 6948 30576 "GET /monitoring/flood-record/ HTTP/1.1" 200 29979
INFO 2025-11-13 18:12:52 views 6948 30576 Flood record created: 17 - Flood
INFO 2025-11-13 18:12:52 basehttp 6948 30576 "POST /monitoring/flood-record/ HTTP/1.1" 200 136
INFO 2025-11-13 18:12:54 views 6948 30576 Requesting Open-Meteo API for Silay City: https://api.open-meteo.com/v1/forecast
INFO 2025-11-13 18:12:55 views 6948 30576 API returned - Rain: 0.0mm, Temp: 27.4°C, Humidity: 90%, Wind: 7.6km/h
INFO 2025-11-13 18:12:55 views 6948 30576 Processed 7 days of weather forecast
INFO 2025-11-13 18:12:55 basehttp 6948 30576 "GET /monitoring/ HTTP/1.1" 200 74202
INFO 2025-11-13 18:13:01 basehttp 6948 30576 "GET /monitoring/flood-record/delete/17/ HTTP/1.1" 200 8518
INFO 2025-11-13 18:13:02 views 6948 30576 Flood record deleted: 17 - Flood
INFO 2025-11-13 18:13:02 basehttp 6948 30576 "POST /monitoring/flood-record/delete/17/ HTTP/1.1" 302 0
INFO 2025-11-13 18:13:02 views 6948 30576 Requesting Open-Meteo API for Silay City: https://api.open-meteo.com/v1/forecast
INFO 2025-11-13 18:13:03 views 6948 30576 API returned - Rain: 0.0mm, Temp: 27.4°C, Humidity: 90%, Wind: 7.6km/h
INFO 2025-11-13 18:13:03 views 6948 30576 Processed 7 days of weather forecast
INFO 2025-11-13 18:13:03 basehttp 6948 30576 "GET /monitoring/ HTTP/1.1" 200 73404
INFO 2025-11-13 18:13:37 autoreload 6948 16096 C:\Users\aldri\-CAPSTONE-FMSWGIS\monitoring\views.py changed, reloading.
INFO 2025-11-13 18:13:38 autoreload 29920 10704 Watching for file changes with StatReloader
INFO 2025-11-13 18:13:48 views 29920 17300 Requesting Open-Meteo API for Silay City: https://api.open-meteo.com/v1/forecast
INFO 2025-11-13 18:13:49 views 29920 17300 API returned - Rain: 0.0mm, Temp: 27.4°C, Humidity: 90%, Wind: 7.6km/h
INFO 2025-11-13 18:13:49 views 29920 17300 Processed 7 days of weather forecast
INFO 2025-11-13 18:13:49 basehttp 29920 17300 "GET /monitoring/ HTTP/1.1" 200 73020
INFO 2025-11-13 18:13:52 basehttp 29920 17300 "GET /monitoring/flood-record/ HTTP/1.1" 200 29979
INFO 2025-11-13 18:13:59 views 29920 17300 Flood record created: 18 - Flood
INFO 2025-11-13 18:13:59 basehttp 29920 17300 "POST /monitoring/flood-record/ HTTP/1.1" 200 136
INFO 2025-11-13 18:14:01 views 29920 17300 Requesting Open-Meteo API for Silay City: https://api.open-meteo.com/v1/forecast
INFO 2025-11-13 18:14:02 views 29920 17300 API returned - Rain: 0.0mm, Temp: 27.4°C, Humidity: 90%, Wind: 7.6km/h
INFO 2025-11-13 18:14:02 views 29920 17300 Processed 7 days of weather forecast
INFO 2025-11-13 18:14:02 basehttp 29920 17300 "GET /monitoring/ HTTP/1.1" 200 74192
INFO 2025-11-13 18:14:12 basehttp 29920 17300 "GET /monitoring/flood-record/delete/18/ HTTP/1.1" 200 8508
INFO 2025-11-13 18:14:13 views 29920 17300 Flood record deleted: 18 - Flood
INFO 2025-11-13 18:14:13 basehttp 29920 17300 "POST /monitoring/flood-record/delete/18/ HTTP/1.1" 302 0
INFO 2025-11-13 18:14:13 views 29920 17300 Requesting Open-Meteo API for Silay City: https://api.open-meteo.com/v1/forecast
INFO 2025-11-13 18:14:14 views 29920 17300 API returned - Rain: 0.0mm, Temp: 27.4°C, Humidity: 90%, Wind: 7.6km/h
INFO 2025-11-13 18:14:14 views 29920 17300 Processed 7 days of weather forecast
INFO 2025-11-13 18:14:14 basehttp 29920 17300 "GET /monitoring/ HTTP/1.1" 200 73400
INFO 2025-11-13 18:14:21 basehttp 29920 17300 "GET /home/ HTTP/1.1" 200 26258
INFO 2025-11-13 18:14:23 basehttp 29920 17300 "GET /maps/my-activity/ HTTP/1.1" 200 284103
INFO 2025-11-13 18:14:56 autoreload 29920 10704 C:\Users\aldri\-CAPSTONE-FMSWGIS\monitoring\views.py changed, reloading.
INFO 2025-11-13 18:14:56 autoreload 28536 26436 Watching for file changes with StatReloader
INFO 2025-11-13 18:15:54 autoreload 28536 26436 C:\Users\aldri\-CAPSTONE-FMSWGIS\monitoring\views.py changed, reloading.
INFO 2025-11-13 18:15:55 autoreload 28568 17564 Watching for file changes with StatReloader
INFO 2025-11-13 18:16:50 basehttp 28568 29148 "GET /maps/my-activity/ HTTP/1.1" 200 284103
INFO 2025-11-13 18:16:57 basehttp 28568 29148 "GET /home/ HTTP/1.1" 200 26258
INFO 2025-11-13 18:16:59 views 28568 29148 Requesting Open-Meteo API for Silay City: https://api.open-meteo.com/v1/forecast
INFO 2025-11-13 18:17:00 views 28568 29148 API returned - Rain: 0.0mm, Temp: 27.3°C, Humidity: 91%, Wind: 7.1km/h
INFO 2025-11-13 18:17:00 views 28568 29148 Processed 7 days of weather forecast
INFO 2025-11-13 18:17:00 basehttp 28568 29148 "GET /monitoring/ HTTP/1.1" 200 73020
INFO 2025-11-13 18:17:10 basehttp 28568 29148 "GET /monitoring/flood-record/ HTTP/1.1" 200 29979
INFO 2025-11-13 18:17:16 views 28568 29148 Flood record created: 19 - Flood
INFO 2025-11-13 18:17:16 basehttp 28568 29148 "POST /monitoring/flood-record/ HTTP/1.1" 200 136
INFO 2025-11-13 18:17:18 views 28568 29148 Requesting Open-Meteo API for Silay City: https://api.open-meteo.com/v1/forecast
INFO 2025-11-13 18:17:19 views 28568 29148 API returned - Rain: 0.0mm, Temp: 27.3°C, Humidity: 91%, Wind: 7.1km/h
INFO 2025-11-13 18:17:19 views 28568 29148 Processed 7 days of weather forecast
INFO 2025-11-13 18:17:19 basehttp 28568 29148 "GET /monitoring/ HTTP/1.1" 200 74192
INFO 2025-11-13 18:17:20 basehttp 28568 29148 "GET /home/ HTTP/1.1" 200 26252
INFO 2025-11-13 18:17:21 basehttp 28568 29148 "GET /maps/my-activity/ HTTP/1.1" 200 285928
INFO 2025-11-13 18:17:25 basehttp 28568 29148 "GET /home/ HTTP/1.1" 200 26252
INFO 2025-11-13 18:17:26 views 28568 29148 Requesting Open-Meteo API for Silay City: https://api.open-meteo.com/v1/forecast
INFO 2025-11-13 18:17:27 views 28568 29148 API returned - Rain: 0.0mm, Temp: 27.3°C, Humidity: 91%, Wind: 7.1km/h
INFO 2025-11-13 18:17:27 views 28568 29148 Processed 7 days of weather forecast
INFO 2025-11-13 18:17:27 basehttp 28568 29148 "GET /monitoring/ HTTP/1.1" 200 74192
INFO 2025-11-13 18:17:41 basehttp 28568 29148 "GET /monitoring/flood-record/delete/19/ HTTP/1.1" 200 8508
INFO 2025-11-13 18:17:44 views 28568 29148 Flood record deleted: 19 - Flood
INFO 2025-11-13 18:17:44 basehttp 28568 29148 "POST /monitoring/flood-record/delete/19/ HTTP/1.1" 302 0
INFO 2025-11-13 18:17:44 views 28568 29148 Requesting Open-Meteo API for Silay City: https://api.open-meteo.com/v1/forecast
INFO 2025-11-13 18:17:45 views 28568 29148 API returned - Rain: 0.0mm, Temp: 27.3°C, Humidity: 91%, Wind: 7.1km/h
INFO 2025-11-13 18:17:45 views 28568 29148 Processed 7 days of weather forecast
INFO 2025-11-13 18:17:45 basehttp 28568 29148 "GET /monitoring/ HTTP/1.1" 200 73400
INFO 2025-11-13 18:17:47 basehttp 28568 29148 "GET /home/ HTTP/1.1" 200 26258
INFO 2025-11-13 18:17:48 basehttp 28568 29148 "GET /maps/my-activity/ HTTP/1.1" 200 287753
INFO 2025-11-13 18:17:55 basehttp 28568 29148 "GET /home/ HTTP/1.1" 200 26258
INFO 2025-11-13 18:17:59 autoreload 28568 17564 C:\Users\aldri\-CAPSTONE-FMSWGIS\monitoring\views.py changed, reloading.
INFO 2025-11-13 18:17:59 autoreload 27012 11080 Watching for file changes with StatReloader
INFO 2025-11-13 18:18:04 views 27012 18348 Requesting Open-Meteo API for Silay City: https://api.open-meteo.com/v1/forecast
INFO 2025-11-13 18:18:05 views 27012 18348 API returned - Rain: 0.0mm, Temp: 27.3°C, Humidity: 91%, Wind: 7.1km/h
INFO 2025-11-13 18:18:05 views 27012 18348 Processed 7 days of weather forecast
INFO 2025-11-13 18:18:05 basehttp 27012 18348 "GET /monitoring/ HTTP/1.1" 200 73020
INFO 2025-11-13 18:18:55 basehttp 27012 18348 "GET /home/ HTTP/1.1" 200 26258
INFO 2025-11-13 18:18:56 basehttp 27012 18348 "GET /maps/my-activity/ HTTP/1.1" 200 287753
INFO 2025-11-13 18:19:00 basehttp 27012 18348 "GET /home/ HTTP/1.1" 200 26258
ERROR 2025-11-13 18:22:00 log 27012 18348 Internal Server Error: /home/
Traceback (most recent call last):
  File "C:\Users\aldri\AppData\Local\Programs\Python\Python312\Lib\site-packages\django\core\handlers\exception.py", line 55, in inner
    response = get_response(request)
               ^^^^^^^^^^^^^^^^^^^^^
  File "C:\Users\aldri\AppData\Local\Programs\Python\Python312\Lib\site-packages\django\core\handlers\base.py", line 197, in _get_response
    response = wrapped_callback(request, *callback_args, **callback_kwargs)
               ^^^^^^^^^^^^^^^^^^^^^^^^^^^^^^^^^^^^^^^^^^^^^^^^^^^^^^^^^^^^
  File "C:\Users\aldri\AppData\Local\Programs\Python\Python312\Lib\site-packages\django\contrib\auth\decorators.py", line 59, in _view_wrapper
    return view_func(request, *args, **kwargs)
           ^^^^^^^^^^^^^^^^^^^^^^^^^^^^^^^^^^^
  File "C:\Users\aldri\-CAPSTONE-FMSWGIS\users\views.py", line 170, in home
    return render(request, 'users/home.html', context)
           ^^^^^^^^^^^^^^^^^^^^^^^^^^^^^^^^^^^^^^^^^^^
  File "C:\Users\aldri\AppData\Local\Programs\Python\Python312\Lib\site-packages\django\shortcuts.py", line 25, in render
    content = loader.render_to_string(template_name, context, request, using=using)
              ^^^^^^^^^^^^^^^^^^^^^^^^^^^^^^^^^^^^^^^^^^^^^^^^^^^^^^^^^^^^^^^^^^^^^
  File "C:\Users\aldri\AppData\Local\Programs\Python\Python312\Lib\site-packages\django\template\loader.py", line 62, in render_to_string
    return template.render(context, request)
           ^^^^^^^^^^^^^^^^^^^^^^^^^^^^^^^^^
  File "C:\Users\aldri\AppData\Local\Programs\Python\Python312\Lib\site-packages\django\template\backends\django.py", line 107, in render
    return self.template.render(context)
           ^^^^^^^^^^^^^^^^^^^^^^^^^^^^^
  File "C:\Users\aldri\AppData\Local\Programs\Python\Python312\Lib\site-packages\django\template\base.py", line 171, in render
    return self._render(context)
           ^^^^^^^^^^^^^^^^^^^^^
  File "C:\Users\aldri\AppData\Local\Programs\Python\Python312\Lib\site-packages\django\template\base.py", line 163, in _render
    return self.nodelist.render(context)
           ^^^^^^^^^^^^^^^^^^^^^^^^^^^^^
  File "C:\Users\aldri\AppData\Local\Programs\Python\Python312\Lib\site-packages\django\template\base.py", line 1016, in render
    return SafeString("".join([node.render_annotated(context) for node in self]))
                               ^^^^^^^^^^^^^^^^^^^^^^^^^^^^^^
  File "C:\Users\aldri\AppData\Local\Programs\Python\Python312\Lib\site-packages\django\template\base.py", line 977, in render_annotated
    return self.render(context)
           ^^^^^^^^^^^^^^^^^^^^
  File "C:\Users\aldri\AppData\Local\Programs\Python\Python312\Lib\site-packages\django\template\loader_tags.py", line 159, in render
    return compiled_parent._render(context)
           ^^^^^^^^^^^^^^^^^^^^^^^^^^^^^^^^
  File "C:\Users\aldri\AppData\Local\Programs\Python\Python312\Lib\site-packages\django\template\base.py", line 163, in _render
    return self.nodelist.render(context)
           ^^^^^^^^^^^^^^^^^^^^^^^^^^^^^
  File "C:\Users\aldri\AppData\Local\Programs\Python\Python312\Lib\site-packages\django\template\base.py", line 1016, in render
    return SafeString("".join([node.render_annotated(context) for node in self]))
                               ^^^^^^^^^^^^^^^^^^^^^^^^^^^^^^
  File "C:\Users\aldri\AppData\Local\Programs\Python\Python312\Lib\site-packages\django\template\base.py", line 977, in render_annotated
    return self.render(context)
           ^^^^^^^^^^^^^^^^^^^^
  File "C:\Users\aldri\AppData\Local\Programs\Python\Python312\Lib\site-packages\django\template\defaulttags.py", line 480, in render
    url = reverse(view_name, args=args, kwargs=kwargs, current_app=current_app)
          ^^^^^^^^^^^^^^^^^^^^^^^^^^^^^^^^^^^^^^^^^^^^^^^^^^^^^^^^^^^^^^^^^^^^^
  File "C:\Users\aldri\AppData\Local\Programs\Python\Python312\Lib\site-packages\django\urls\base.py", line 98, in reverse
    resolved_url = resolver._reverse_with_prefix(view, prefix, *args, **kwargs)
                   ^^^^^^^^^^^^^^^^^^^^^^^^^^^^^^^^^^^^^^^^^^^^^^^^^^^^^^^^^^^^
  File "C:\Users\aldri\AppData\Local\Programs\Python\Python312\Lib\site-packages\django\urls\resolvers.py", line 831, in _reverse_with_prefix
    raise NoReverseMatch(msg)
django.urls.exceptions.NoReverseMatch: Reverse for 'report' not found. 'report' is not a valid view function or pattern name.
ERROR 2025-11-13 18:22:00 basehttp 27012 18348 "GET /home/ HTTP/1.1" 500 173265
ERROR 2025-11-13 18:23:01 log 27012 18348 Internal Server Error: /home/
Traceback (most recent call last):
  File "C:\Users\aldri\AppData\Local\Programs\Python\Python312\Lib\site-packages\django\core\handlers\exception.py", line 55, in inner
    response = get_response(request)
               ^^^^^^^^^^^^^^^^^^^^^
  File "C:\Users\aldri\AppData\Local\Programs\Python\Python312\Lib\site-packages\django\core\handlers\base.py", line 197, in _get_response
    response = wrapped_callback(request, *callback_args, **callback_kwargs)
               ^^^^^^^^^^^^^^^^^^^^^^^^^^^^^^^^^^^^^^^^^^^^^^^^^^^^^^^^^^^^
  File "C:\Users\aldri\AppData\Local\Programs\Python\Python312\Lib\site-packages\django\contrib\auth\decorators.py", line 59, in _view_wrapper
    return view_func(request, *args, **kwargs)
           ^^^^^^^^^^^^^^^^^^^^^^^^^^^^^^^^^^^
  File "C:\Users\aldri\-CAPSTONE-FMSWGIS\users\views.py", line 170, in home
    return render(request, 'users/home.html', context)
           ^^^^^^^^^^^^^^^^^^^^^^^^^^^^^^^^^^^^^^^^^^^
  File "C:\Users\aldri\AppData\Local\Programs\Python\Python312\Lib\site-packages\django\shortcuts.py", line 25, in render
    content = loader.render_to_string(template_name, context, request, using=using)
              ^^^^^^^^^^^^^^^^^^^^^^^^^^^^^^^^^^^^^^^^^^^^^^^^^^^^^^^^^^^^^^^^^^^^^
  File "C:\Users\aldri\AppData\Local\Programs\Python\Python312\Lib\site-packages\django\template\loader.py", line 62, in render_to_string
    return template.render(context, request)
           ^^^^^^^^^^^^^^^^^^^^^^^^^^^^^^^^^
  File "C:\Users\aldri\AppData\Local\Programs\Python\Python312\Lib\site-packages\django\template\backends\django.py", line 107, in render
    return self.template.render(context)
           ^^^^^^^^^^^^^^^^^^^^^^^^^^^^^
  File "C:\Users\aldri\AppData\Local\Programs\Python\Python312\Lib\site-packages\django\template\base.py", line 171, in render
    return self._render(context)
           ^^^^^^^^^^^^^^^^^^^^^
  File "C:\Users\aldri\AppData\Local\Programs\Python\Python312\Lib\site-packages\django\template\base.py", line 163, in _render
    return self.nodelist.render(context)
           ^^^^^^^^^^^^^^^^^^^^^^^^^^^^^
  File "C:\Users\aldri\AppData\Local\Programs\Python\Python312\Lib\site-packages\django\template\base.py", line 1016, in render
    return SafeString("".join([node.render_annotated(context) for node in self]))
                               ^^^^^^^^^^^^^^^^^^^^^^^^^^^^^^
  File "C:\Users\aldri\AppData\Local\Programs\Python\Python312\Lib\site-packages\django\template\base.py", line 977, in render_annotated
    return self.render(context)
           ^^^^^^^^^^^^^^^^^^^^
  File "C:\Users\aldri\AppData\Local\Programs\Python\Python312\Lib\site-packages\django\template\loader_tags.py", line 159, in render
    return compiled_parent._render(context)
           ^^^^^^^^^^^^^^^^^^^^^^^^^^^^^^^^
  File "C:\Users\aldri\AppData\Local\Programs\Python\Python312\Lib\site-packages\django\template\base.py", line 163, in _render
    return self.nodelist.render(context)
           ^^^^^^^^^^^^^^^^^^^^^^^^^^^^^
  File "C:\Users\aldri\AppData\Local\Programs\Python\Python312\Lib\site-packages\django\template\base.py", line 1016, in render
    return SafeString("".join([node.render_annotated(context) for node in self]))
                               ^^^^^^^^^^^^^^^^^^^^^^^^^^^^^^
  File "C:\Users\aldri\AppData\Local\Programs\Python\Python312\Lib\site-packages\django\template\base.py", line 977, in render_annotated
    return self.render(context)
           ^^^^^^^^^^^^^^^^^^^^
  File "C:\Users\aldri\AppData\Local\Programs\Python\Python312\Lib\site-packages\django\template\defaulttags.py", line 480, in render
    url = reverse(view_name, args=args, kwargs=kwargs, current_app=current_app)
          ^^^^^^^^^^^^^^^^^^^^^^^^^^^^^^^^^^^^^^^^^^^^^^^^^^^^^^^^^^^^^^^^^^^^^
  File "C:\Users\aldri\AppData\Local\Programs\Python\Python312\Lib\site-packages\django\urls\base.py", line 98, in reverse
    resolved_url = resolver._reverse_with_prefix(view, prefix, *args, **kwargs)
                   ^^^^^^^^^^^^^^^^^^^^^^^^^^^^^^^^^^^^^^^^^^^^^^^^^^^^^^^^^^^^
  File "C:\Users\aldri\AppData\Local\Programs\Python\Python312\Lib\site-packages\django\urls\resolvers.py", line 831, in _reverse_with_prefix
    raise NoReverseMatch(msg)
django.urls.exceptions.NoReverseMatch: Reverse for 'certificate_form' not found. 'certificate_form' is not a valid view function or pattern name.
ERROR 2025-11-13 18:23:01 basehttp 27012 18348 "GET /home/ HTTP/1.1" 500 173460
INFO 2025-11-13 18:23:28 basehttp 27012 18348 "GET /home/ HTTP/1.1" 200 32586
INFO 2025-11-13 18:23:32 views 27012 18348 Requesting Open-Meteo API for Silay City: https://api.open-meteo.com/v1/forecast
INFO 2025-11-13 18:23:33 views 27012 18348 API returned - Rain: 0.0mm, Temp: 27.3°C, Humidity: 91%, Wind: 7.1km/h
INFO 2025-11-13 18:23:33 views 27012 18348 Processed 7 days of weather forecast
INFO 2025-11-13 18:23:33 basehttp 27012 18348 "GET /monitoring/ HTTP/1.1" 200 79348
INFO 2025-11-13 18:23:35 basehttp 27012 18348 "GET /maps/my-activity/ HTTP/1.1" 200 294081
INFO 2025-11-13 18:23:40 basehttp 27012 18348 "GET /home/ HTTP/1.1" 200 32586
INFO 2025-11-13 18:24:08 basehttp 27012 18348 "GET /maps/ HTTP/1.1" 200 1029760
INFO 2025-11-13 18:24:28 basehttp 27012 18348 "GET /maps/ HTTP/1.1" 200 1029760
INFO 2025-11-13 18:24:31 basehttp 27012 18348 "GET /maps/ HTTP/1.1" 200 1029760
INFO 2025-11-13 18:24:37 basehttp 27012 18348 "GET /maps/ HTTP/1.1" 200 1023438
INFO 2025-11-13 18:24:39 basehttp 27012 18348 "GET /home/ HTTP/1.1" 200 26258
INFO 2025-11-14 22:07:20 autoreload 19228 9864 Watching for file changes with StatReloader
INFO 2025-11-14 22:07:26 basehttp 19228 7384 "GET / HTTP/1.1" 200 7298
INFO 2025-11-14 22:07:26 basehttp 19228 6832 "GET /static/css/font-awesome.min.css HTTP/1.1" 304 0
INFO 2025-11-14 22:07:26 basehttp 19228 7384 "GET /static/css/bootstrap.min.css HTTP/1.1" 304 0
INFO 2025-11-14 22:07:26 basehttp 19228 28920 "GET /static/images/drrmo_logo.png HTTP/1.1" 304 0
INFO 2025-11-14 22:07:26 basehttp 19228 28920 "GET /static/webfonts/fa-solid-900.woff2 HTTP/1.1" 304 0
WARNING 2025-11-14 22:07:26 log 19228 28920 Not Found: /favicon.ico
WARNING 2025-11-14 22:07:26 basehttp 19228 28920 "GET /favicon.ico HTTP/1.1" 404 5118
INFO 2025-11-14 22:07:50 basehttp 19228 28920 "POST / HTTP/1.1" 302 0
INFO 2025-11-14 22:07:50 basehttp 19228 28920 "GET /home/ HTTP/1.1" 200 26591
INFO 2025-11-14 22:07:50 basehttp 19228 28920 "GET /static/js/bootstrap.bundle.min.js HTTP/1.1" 304 0
INFO 2025-11-14 22:07:50 basehttp 19228 28920 "GET /static/webfonts/fa-brands-400.woff2 HTTP/1.1" 304 0
